# JRE version: OpenJDK Runtime Environment JBR-21.0.8+1-1038.71-jcef (21.0.8+1) (build 21.0.8+1-b1038.71)
# Java VM: OpenJDK 64-Bit Server VM JBR-21.0.8+1-1038.71-jcef (21.0.8+1-b1038.71, mixed mode, sharing, tiered, compressed oops, compressed class ptrs, g1 gc, windows-amd64)
GC Precious Log:
 CardTable entry size: 512
 Card Set container configuration: InlinePtr #cards 5 size 8 Array Of Cards #cards 12 size 40 Howl #buckets 4 coarsen threshold 1843 Howl Bitmap #cards 512 size 80 coarsen threshold 460 Card regions per heap region 1 cards per card region 2048
 CPUs: 16 total, 16 available
 Memory: 16070M
 Large Page Support: Disabled
 NUMA Support: Disabled
 Compressed Oops: Enabled (32-bit)
 Heap Region Size: 1M
 Heap Min Capacity: 8M
 Heap Initial Capacity: 252M
 Heap Max Capacity: 512M
 Pre-touch: Disabled
 Parallel Workers: 13
 Concurrent Workers: 3
 Concurrent Refinement Workers: 13
 Periodic GC: Disabled
Heap:
 garbage-first heap   total 149504K, used 10756K [0x00000000e0000000, 0x0000000100000000)
  region size 1024K, 1 young (1024K), 1 survivors (1024K)
 Metaspace       used 18289K, committed 18560K, reserved 1114112K
  class space    used 2106K, committed 2240K, reserved 1048576K
GC Heap History (20 events):
Event: 625.338 GC heap after
{Heap after GC invocations=6 (full 1):
 garbage-first heap   total 30720K, used 9674K [0x00000000e0000000, 0x0000000100000000)
  region size 1024K, 2 young (2048K), 2 survivors (2048K)
 Metaspace       used 16710K, committed 16896K, reserved 1114112K
  class space    used 1947K, committed 2048K, reserved 1048576K
}
Event: 625.479 GC heap before
{Heap before GC invocations=6 (full 1):
 garbage-first heap   total 30720K, used 16842K [0x00000000e0000000, 0x0000000100000000)
  region size 1024K, 10 young (10240K), 2 survivors (2048K)
 Metaspace       used 17330K, committed 17664K, reserved 1114112K
  class space    used 2019K, committed 2176K, reserved 1048576K
}
Event: 625.480 GC heap after
{Heap after GC invocations=7 (full 1):
 garbage-first heap   total 30720K, used 11038K [0x00000000e0000000, 0x0000000100000000)
  region size 1024K, 2 young (2048K), 2 survivors (2048K)
 Metaspace       used 17330K, committed 17664K, reserved 1114112K
  class space    used 2019K, committed 2176K, reserved 1048576K
}
Event: 625.751 GC heap before
{Heap before GC invocations=8 (full 1):
 garbage-first heap   total 270336K, used 262942K [0x00000000e0000000, 0x0000000100000000)
  region size 1024K, 5 young (5120K), 2 survivors (2048K)
 Metaspace       used 17876K, committed 18176K, reserved 1114112K
  class space    used 2076K, committed 2240K, reserved 1048576K
}
Event: 625.753 GC heap after
{Heap after GC invocations=9 (full 1):
 garbage-first heap   total 273408K, used 11373K [0x00000000e0000000, 0x0000000100000000)
  region size 1024K, 1 young (1024K), 1 survivors (1024K)
 Metaspace       used 17876K, committed 18176K, reserved 1114112K
  class space    used 2076K, committed 2240K, reserved 1048576K
}
Event: 625.978 GC heap before
{Heap before GC invocations=9 (full 1):
 garbage-first heap   total 273408K, used 212077K [0x00000000e0000000, 0x0000000100000000)
  region size 1024K, 6 young (6144K), 1 survivors (1024K)
 Metaspace       used 18113K, committed 18368K, reserved 1114112K
  class space    used 2100K, committed 2240K, reserved 1048576K
}
Event: 625.985 GC heap after
{Heap after GC invocations=10 (full 2):
 garbage-first heap   total 58368K, used 10580K [0x00000000e0000000, 0x0000000100000000)
  region size 1024K, 0 young (0K), 0 survivors (0K)
 Metaspace       used 18113K, committed 18368K, reserved 1114112K
  class space    used 2100K, committed 2240K, reserved 1048576K
}
Event: 3496.916 GC heap before
{Heap before GC invocations=10 (full 2):
 garbage-first heap   total 58368K, used 18772K [0x00000000e0000000, 0x0000000100000000)
  region size 1024K, 7 young (7168K), 0 survivors (0K)
 Metaspace       used 18196K, committed 18496K, reserved 1114112K
  class space    used 2106K, committed 2240K, reserved 1048576K
}
Event: 3496.931 GC heap after
{Heap after GC invocations=11 (full 3):
 garbage-first heap   total 40960K, used 10630K [0x00000000e0000000, 0x0000000100000000)
  region size 1024K, 0 young (0K), 0 survivors (0K)
 Metaspace       used 18196K, committed 18496K, reserved 1114112K
  class space    used 2106K, committed 2240K, reserved 1048576K
}
Event: 3497.004 GC heap before
{Heap before GC invocations=11 (full 3):
 garbage-first heap   total 40960K, used 18822K [0x00000000e0000000, 0x0000000100000000)
  region size 1024K, 3 young (3072K), 0 survivors (0K)
 Metaspace       used 18281K, committed 18560K, reserved 1114112K
  class space    used 2106K, committed 2240K, reserved 1048576K
}
Event: 3497.005 GC heap after
{Heap after GC invocations=12 (full 3):
 garbage-first heap   total 40960K, used 10745K [0x00000000e0000000, 0x0000000100000000)
  region size 1024K, 1 young (1024K), 1 survivors (1024K)
 Metaspace       used 18281K, committed 18560K, reserved 1114112K
  class space    used 2106K, committed 2240K, reserved 1048576K
}
Event: 3497.006 GC heap before
{Heap before GC invocations=12 (full 3):
 garbage-first heap   total 40960K, used 16889K [0x00000000e0000000, 0x0000000100000000)
  region size 1024K, 2 young (2048K), 1 survivors (1024K)
 Metaspace       used 18282K, committed 18560K, reserved 1114112K
  class space    used 2106K, committed 2240K, reserved 1048576K
}
Event: 3497.008 GC heap after
{Heap after GC invocations=13 (full 3):
 garbage-first heap   total 149504K, used 10723K [0x00000000e0000000, 0x0000000100000000)
  region size 1024K, 1 young (1024K), 1 survivors (1024K)
 Metaspace       used 18282K, committed 18560K, reserved 1114112K
  class space    used 2106K, committed 2240K, reserved 1048576K
}
Event: 3497.023 GC heap before
{Heap before GC invocations=13 (full 3):
 garbage-first heap   total 149504K, used 66019K [0x00000000e0000000, 0x0000000100000000)
  region size 1024K, 2 young (2048K), 1 survivors (1024K)
 Metaspace       used 18283K, committed 18560K, reserved 1114112K
  class space    used 2106K, committed 2240K, reserved 1048576K
}
Event: 3497.024 GC heap after
{Heap after GC invocations=14 (full 3):
 garbage-first heap   total 149504K, used 10727K [0x00000000e0000000, 0x0000000100000000)
  region size 1024K, 1 young (1024K), 1 survivors (1024K)
 Metaspace       used 18283K, committed 18560K, reserved 1114112K
  class space    used 2106K, committed 2240K, reserved 1048576K
}
Event: 3497.030 GC heap before
{Heap before GC invocations=14 (full 3):
 garbage-first heap   total 149504K, used 66023K [0x00000000e0000000, 0x0000000100000000)
  region size 1024K, 2 young (2048K), 1 survivors (1024K)
 Metaspace       used 18283K, committed 18560K, reserved 1114112K
  class space    used 2106K, committed 2240K, reserved 1048576K
}
Event: 3497.031 GC heap after
{Heap after GC invocations=15 (full 3):
 garbage-first heap   total 149504K, used 10731K [0x00000000e0000000, 0x0000000100000000)
  region size 1024K, 1 young (1024K), 1 survivors (1024K)
 Metaspace       used 18283K, committed 18560K, reserved 1114112K
  class space    used 2106K, committed 2240K, reserved 1048576K
}
Event: 3497.038 GC heap before
{Heap before GC invocations=15 (full 3):
 garbage-first heap   total 149504K, used 66027K [0x00000000e0000000, 0x0000000100000000)
  region size 1024K, 2 young (2048K), 1 survivors (1024K)
 Metaspace       used 18283K, committed 18560K, reserved 1114112K
  class space    used 2106K, committed 2240K, reserved 1048576K
}
Event: 3497.039 GC heap after
{Heap after GC invocations=16 (full 3):
 garbage-first heap   total 149504K, used 10761K [0x00000000e0000000, 0x0000000100000000)
  region size 1024K, 1 young (1024K), 1 survivors (1024K)
 Metaspace       used 18283K, committed 18560K, reserved 1114112K
  class space    used 2106K, committed 2240K, reserved 1048576K
}
Event: 3497.134 GC heap before
{Heap before GC invocations=16 (full 3):
 garbage-first heap   total 149504K, used 66057K [0x00000000e0000000, 0x0000000100000000)
  region size 1024K, 2 young (2048K), 1 survivors (1024K)
 Metaspace       used 18289K, committed 18560K, reserved 1114112K
  class space    used 2106K, committed 2240K, reserved 1048576K
}

